[debug] [2025-06-29T17:06:13.943Z] ----------------------------------------------------------------------
[debug] [2025-06-29T17:06:13.947Z] Command:       C:\Program Files\nodejs\node.exe C:\Users\sirjason\AppData\Roaming\npm\node_modules\firebase-tools\lib\bin\firebase.js init
[debug] [2025-06-29T17:06:13.947Z] CLI Version:   14.9.0
[debug] [2025-06-29T17:06:13.947Z] Platform:      win32
[debug] [2025-06-29T17:06:13.947Z] Node Version:  v22.15.0
[debug] [2025-06-29T17:06:13.947Z] Time:          Sun Jun 29 2025 19:06:13 GMT+0200 (Central Africa Time)
[debug] [2025-06-29T17:06:13.947Z] ----------------------------------------------------------------------
[debug] 
[debug] [2025-06-29T17:06:13.949Z] >>> [apiv2][query] GET https://firebase-public.firebaseio.com/cli.json [none]
[debug] [2025-06-29T17:06:13.993Z] > command requires scopes: ["email","openid","https://www.googleapis.com/auth/cloudplatformprojects.readonly","https://www.googleapis.com/auth/firebase","https://www.googleapis.com/auth/cloud-platform"]
[debug] [2025-06-29T17:06:13.993Z] > authorizing via signed-in user (kufakwatenziyason@gmail.com)
[info] 
     ######## #### ########  ######## ########     ###     ######  ########
     ##        ##  ##     ## ##       ##     ##  ##   ##  ##       ##
     ######    ##  ########  ######   ########  #########  ######  ######
     ##        ##  ##    ##  ##       ##     ## ##     ##       ## ##
     ##       #### ##     ## ######## ########  ##     ##  ######  ########

You're about to initialize a Firebase project in this directory:

  C:\code\PinnacleProjects

Before we get started, keep in mind:

  * You are currently outside your home directory

[debug] [2025-06-29T17:06:14.568Z] <<< [apiv2][status] GET https://firebase-public.firebaseio.com/cli.json 200
[debug] [2025-06-29T17:06:14.569Z] <<< [apiv2][body] GET https://firebase-public.firebaseio.com/cli.json {"cloudBuildErrorAfter":1594252800000,"cloudBuildWarnAfter":1590019200000,"defaultNode10After":1594252800000,"minVersion":"3.0.5","node8DeploysDisabledAfter":1613390400000,"node8RuntimeDisabledAfter":1615809600000,"node8WarnAfter":1600128000000}
